\BOOKMARK [1][-]{section.1}{\376\377\000C\000o\000r\000e\000\040\000C\000o\000m\000p\000e\000t\000e\000n\000c\000i\000e\000s\000\040\000\046\000\040\000S\000p\000e\000c\000i\000a\000l\000\040\000S\000k\000i\000l\000l\000s}{}% 1
\BOOKMARK [1][-]{section.2}{\376\377\000W\000O\000R\000K\000\040\000E\000X\000P\000E\000R\000I\000E\000N\000C\000E}{}% 2
\BOOKMARK [1][-]{section.3}{\376\377\000E\000D\000U\000C\000A\000T\000I\000O\000N\000A\000L\000\040\000Q\000U\000A\000L\000I\000F\000I\000C\000A\000T\000I\000O\000N\000S}{}% 3
\BOOKMARK [2][-]{subsection.3.1}{\376\377\000C\000o\000u\000r\000s\000e\000r\000a\000\040\000C\000e\000r\000t\000i\000f\000i\000c\000a\000t\000i\000o\000n\000s}{section.3}% 4
\BOOKMARK [1][-]{section.4}{\376\377\000P\000H\000D\000\040\000G\000u\000i\000d\000a\000n\000c\000e}{}% 5
\BOOKMARK [1][-]{section.5}{\376\377\000W\000R\000I\000T\000I\000N\000G\000\040\000E\000X\000P\000E\000R\000I\000E\000N\000C\000E}{}% 6
\BOOKMARK [2][-]{subsection.5.1}{\376\377\000B\000o\000o\000k\000s}{section.5}% 7
\BOOKMARK [2][-]{subsection.5.2}{\376\377\000W\000o\000r\000k\000i\000n\000g\000\040\000p\000a\000p\000e\000r\000s}{section.5}% 8
\BOOKMARK [2][-]{subsection.5.3}{\376\377\000P\000u\000b\000l\000i\000c\000a\000t\000i\000o\000n\000s}{section.5}% 9
\BOOKMARK [3][-]{subsubsection.5.3.1}{\376\377\000M\000a\000r\000k\000e\000t\000i\000n\000g\000\040\000A\000n\000a\000l\000y\000t\000i\000c\000s}{subsection.5.3}% 10
\BOOKMARK [3][-]{subsubsection.5.3.2}{\376\377\000H\000e\000a\000l\000t\000h\000\040\000C\000a\000r\000e\000\040\000M\000a\000n\000a\000g\000e\000m\000e\000n\000t}{subsection.5.3}% 11
\BOOKMARK [3][-]{subsubsection.5.3.3}{\376\377\000S\000o\000f\000t\000w\000a\000r\000e\000\040\000M\000a\000n\000a\000g\000e\000m\000e\000n\000t}{subsection.5.3}% 12
\BOOKMARK [3][-]{subsubsection.5.3.4}{\376\377\000E\000d\000u\000c\000a\000t\000i\000o\000n\000\040\000M\000a\000n\000a\000g\000e\000m\000e\000n\000t}{subsection.5.3}% 13
\BOOKMARK [3][-]{subsubsection.5.3.5}{\376\377\000S\000p\000i\000r\000i\000t\000u\000a\000l\000i\000t\000y\000\040\000\046\000\040\000M\000a\000n\000a\000g\000e\000m\000e\000n\000t}{subsection.5.3}% 14
\BOOKMARK [3][-]{subsubsection.5.3.6}{\376\377\000B\000u\000s\000i\000n\000e\000s\000s\000\040\000A\000n\000a\000l\000y\000t\000i\000c\000s}{subsection.5.3}% 15
\BOOKMARK [3][-]{subsubsection.5.3.7}{\376\377\000O\000t\000h\000e\000r\000s}{subsection.5.3}% 16
\BOOKMARK [2][-]{subsection.5.4}{\376\377\000E\000d\000i\000t\000e\000d\000\040\000V\000o\000l\000u\000m\000e\000s}{section.5}% 17
\BOOKMARK [2][-]{subsection.5.5}{\376\377\000P\000a\000p\000e\000r\000\040\000P\000r\000e\000s\000e\000n\000t\000a\000t\000i\000o\000n\000s}{section.5}% 18
\BOOKMARK [1][-]{section.6}{\376\377\000F\000D\000P\000s\000/\000W\000O\000R\000K\000S\000H\000P\000S\000/\000S\000E\000M\000I\000N\000A\000R\000S}{}% 19
\BOOKMARK [2][-]{subsection.6.1}{\376\377\000S\000e\000l\000f}{section.6}% 20
\BOOKMARK [2][-]{subsection.6.2}{\376\377\000P\000a\000r\000t\000i\000c\000i\000p\000a\000t\000i\000o\000n}{section.6}% 21
\BOOKMARK [3][-]{subsubsection.6.2.1}{\376\377\000O\000n\000l\000i\000n\000e\000/\000W\000e\000b\000i\000n\000a\000r\000s}{subsection.6.2}% 22
\BOOKMARK [3][-]{subsubsection.6.2.2}{\376\377\000O\000f\000f\000l\000i\000n\000e\000/\000S\000e\000m\000i\000n\000a\000r\000s}{subsection.6.2}% 23
\BOOKMARK [2][-]{subsection.6.3}{\376\377\000A\000s\000\040\000R\000e\000s\000o\000u\000r\000c\000e\000\040\000P\000e\000r\000s\000o\000n\000\040\000\050\000I\000n\000v\000i\000t\000e\000d\000\040\000L\000e\000c\000t\000u\000r\000e\000s\000\051}{section.6}% 24
\BOOKMARK [3][-]{subsubsection.6.3.1}{\376\377\000W\000e\000b\000i\000n\000a\000r\000s}{subsection.6.3}% 25
\BOOKMARK [1][-]{section.7}{\376\377\000C\000O\000N\000S\000U\000L\000T\000I\000N\000G}{}% 26
\BOOKMARK [2][-]{subsection.7.1}{\376\377\000C\000o\000r\000p\000o\000r\000a\000t\000e\000\040\000T\000r\000a\000i\000n\000i\000n\000g}{section.7}% 27
\BOOKMARK [2][-]{subsection.7.2}{\376\377\000M\000e\000n\000t\000o\000r\000i\000n\000g}{section.7}% 28
\BOOKMARK [1][-]{section.8}{\376\377\000P\000U\000B\000L\000I\000S\000H\000I\000N\000G\000\040\000S\000E\000R\000V\000I\000C\000E\000S}{}% 29
\BOOKMARK [2][-]{subsection.8.1}{\376\377\000E\000d\000i\000t\000o\000r\000i\000a\000l\000\040\000B\000o\000a\000r\000d\000s}{section.8}% 30
\BOOKMARK [2][-]{subsection.8.2}{\376\377\000E\000d\000i\000t\000o\000r\000i\000a\000l\000\040\000R\000e\000v\000i\000e\000w\000\040\000B\000o\000a\000r\000d}{section.8}% 31
\BOOKMARK [2][-]{subsection.8.3}{\376\377\000R\000e\000v\000i\000e\000w\000e\000r}{section.8}% 32
\BOOKMARK [1][-]{section.9}{\376\377\000E\000X\000P\000E\000R\000I\000E\000N\000C\000E\000\040\000R\000E\000L\000A\000T\000E\000D\000\040\000T\000O\000\040\000I\000T\000,\000\040\000D\000A\000T\000A\000\040\000S\000C\000I\000E\000N\000C\000E\000\040\000\046\000\040\000B\000I\000G\000\040\000D\000A\000T\000A\000\040\000A\000N\000A\000L\000Y\000T\000I\000C\000S}{}% 33
\BOOKMARK [2][-]{subsection.9.1}{\376\377\000B\000u\000s\000i\000n\000e\000s\000s\000\040\000A\000n\000a\000l\000y\000t\000i\000c\000s}{section.9}% 34
\BOOKMARK [2][-]{subsection.9.2}{\376\377\000R\000e\000p\000r\000o\000d\000u\000c\000i\000a\000b\000l\000e\000\040\000R\000e\000s\000e\000a\000r\000c\000h\000\040\000o\000r\000\040\000L\000i\000t\000e\000r\000a\000t\000e\000\040\000P\000r\000o\000g\000r\000a\000m\000m\000i\000n\000g}{section.9}% 35
\BOOKMARK [2][-]{subsection.9.3}{\376\377\000B\000i\000g\000\040\000D\000a\000t\000a\000\040\000A\000n\000a\000l\000y\000t\000i\000c\000s}{section.9}% 36
\BOOKMARK [2][-]{subsection.9.4}{\376\377\000I\000n\000t\000e\000r\000n\000e\000t\000\040\000o\000f\000\040\000T\000h\000i\000n\000g\000s\000\040\000\050\000I\000o\000T\000\051\000\040}{section.9}% 37
\BOOKMARK [2][-]{subsection.9.5}{\376\377\000W\000e\000b\000\040\000D\000e\000v\000e\000l\000o\000p\000m\000e\000n\000t\000\040\000\050\000D\000i\000g\000i\000t\000a\000l\000\040\000I\000n\000f\000r\000a\000s\000t\000r\000u\000c\000t\000u\000r\000e\000\051}{section.9}% 38
\BOOKMARK [2][-]{subsection.9.6}{\376\377\000B\000l\000o\000c\000k\000c\000h\000a\000i\000n\000\040\000\046\000\040\000C\000r\000y\000p\000t\000o\000c\000u\000r\000r\000e\000n\000c\000y}{section.9}% 39
\BOOKMARK [2][-]{subsection.9.7}{\376\377\0003\000D\000\040\000M\000o\000d\000e\000l\000i\000n\000g\000\040\000\046\000\040\000A\000n\000i\000m\000a\000t\000i\000o\000n\000\040\000\050\000A\000R\000/\000V\000R\000\051}{section.9}% 40
\BOOKMARK [2][-]{subsection.9.8}{\376\377\000D\000e\000e\000p\000\040\000L\000e\000a\000r\000n\000i\000n\000g\000\040\000\046\000\040\000A\000I}{section.9}% 41
\BOOKMARK [2][-]{subsection.9.9}{\376\377\000L\000i\000n\000u\000x}{section.9}% 42
\BOOKMARK [1][-]{section.10}{\376\377\000S\000O\000F\000T\000W\000A\000R\000E\000\040\000D\000E\000V\000E\000L\000O\000P\000M\000E\000N\000T\000\040\000\046\000\040\000P\000R\000O\000J\000E\000C\000T\000S}{}% 43
\BOOKMARK [2][-]{subsection.10.1}{\376\377\000L\000e\000a\000r\000n\000i\000n\000g\000\040\000M\000a\000n\000a\000g\000e\000m\000e\000n\000t\000\040\000S\000y\000s\000t\000e\000m\000s}{section.10}% 44
\BOOKMARK [1][-]{section.11}{\376\377\000T\000e\000a\000c\000h\000i\000n\000g\000\040\000N\000o\000t\000e\000s\000\040\000a\000n\000d\000\040\000O\000n\000l\000i\000n\000e\000\040\000D\000o\000c\000u\000m\000e\000n\000t\000a\000t\000i\000o\000n}{}% 45
\BOOKMARK [1][-]{section.12}{\376\377\000V\000i\000r\000t\000u\000a\000l\000\040\000L\000a\000b\000s}{}% 46
\BOOKMARK [1][-]{section.13}{\376\377\000R\000E\000F\000E\000R\000E\000N\000C\000E\000S}{}% 47
\BOOKMARK [1][-]{section.14}{\376\377\000P\000E\000R\000S\000O\000N\000A\000L\000\040\000I\000N\000F\000O\000R\000M\000A\000T\000I\000O\000N}{}% 48
